[worker:py] tool=opencode dir=projects/swarm-demo-slugify/py starting
[0m
> build · big-pickle
[0m
I'll create the Python slugify library with all the requested files.
[0m$ [0mmkdir -p slugify_py tests
(no output)
[0m
Now I'll create all the files:
[0m← [0mWrite pyproject.toml
Wrote file successfully.
[0m
[0m← [0mWrite slugify_py/__init__.py
Wrote file successfully.
[0m
[0m← [0mWrite tests/test_slugify.py
Wrote file successfully.
[0m
[0m← [0mWrite README.md
Wrote file successfully.
[0m
Now let me run the tests to verify everything works:
[0m$ [0mpython -m unittest discover -v
/usr/bin/bash: line 1: python: command not found
[0m
Let me try with python3:
[0m$ [0mpython3 -m unittest discover -v
----------------------------------------------------------------------
Ran 0 tests in 0.000s

NO TESTS RAN
[0m
Let me add an `__init__.py` to the tests directory and run the tests properly:
[0m← [0mWrite tests/__init__.py
Wrote file successfully.
[0m
[0m$ [0mpython3 -m unittest tests/test_slugify.py -v
test_acento (tests.test_slugify.TestSlugify.test_acento) ... ok
test_basic (tests.test_slugify.TestSlugify.test_basic) ... ok
test_separator_custom (tests.test_slugify.TestSlugify.test_separator_custom) ... ok
test_vazio (tests.test_slugify.TestSlugify.test_vazio) ... ok

----------------------------------------------------------------------
Ran 4 tests in 0.001s

OK
[0m
[worker:py] done rc=143 dur=757s
