[worker:go] tool=opencode dir=projects/swarm-demo-slugify/go starting
[0m
> build · big-pickle
[0m
[0m← [0mWrite go.mod
Wrote file successfully.
[0m
[0m← [0mWrite slugify.go
Wrote file successfully.
[0m
[0m← [0mWrite slugify_test.go
Wrote file successfully.
[0m
[0m← [0mWrite README.md
Wrote file successfully.
[0m
Now let me run the tests to verify everything works.
[0m$ [0mgo test ./...
/usr/bin/bash: line 1: go: command not found
[0m
Go não está instalado neste ambiente, então não posso executar os testes. Os arquivos foram criados:

- `go.mod` — módulo configurado
- `slugify.go` — função `Slugify` usando apenas stdlib (`unicode`, `strings`)
- `slugify_test.go` — 4 casos de teste
- `README.md` — documentação curta

Para testar localmente:
```bash
cd /root/.openclaw/workspace/death-monorepo/projects/swarm-demo-slugify/go
go test ./...
```
[worker:go] done rc=0 dur=131s
